<?xml version="1.0" encoding="UTF-8"?>
<testng-results skipped="0" failed="0" ignored="0" total="1" passed="1">
  <reporter-output>
  </reporter-output>
  <suite name="Default suite" duration-ms="314" started-at="2019-03-13T10:52:37Z" finished-at="2019-03-13T10:52:38Z">
    <groups>
    </groups>
    <test name="Default test" duration-ms="314" started-at="2019-03-13T10:52:37Z" finished-at="2019-03-13T10:52:38Z">
      <class name="APItest">
        <test-method status="PASS" signature="testAPIAttributes()[pri:0, instance:APItest@3a82f6ef]" name="testAPIAttributes" duration-ms="281" started-at="2019-03-13T10:52:37Z" finished-at="2019-03-13T10:52:38Z">
          <reporter-output>
          </reporter-output>
        </test-method> <!-- testAPIAttributes -->
      </class> <!-- APItest -->
    </test> <!-- Default test -->
  </suite> <!-- Default suite -->
</testng-results>
